<?xml version="1.0" encoding="UTF-8"?>
<testng-results ignored="0" total="1" passed="1" failed="0" skipped="0">
  <reporter-output>
  </reporter-output>
  <suite started-at="2023-01-24T16:26:08 IST" name="Suite" finished-at="2023-01-24T16:28:12 IST" duration-ms="123801">
    <groups>
    </groups>
    <test started-at="2023-01-24T16:26:08 IST" name="Test" finished-at="2023-01-24T16:28:12 IST" duration-ms="123801">
      <class name="Com.Ecommerce.TestCases.TC_LoginTestCases">
        <test-method is-config="true" signature="setup(java.lang.String)[pri:0, instance:Com.Ecommerce.TestCases.TC_LoginTestCases@b62d79]" started-at="2023-01-24T16:26:08 IST" name="setup" finished-at="2023-01-24T16:26:59 IST" duration-ms="51141" status="PASS">
          <params>
            <param index="0">
              <value>
                <![CDATA[Chrome]]>
              </value>
            </param>
          </params>
          <reporter-output>
          </reporter-output>
        </test-method> <!-- setup -->
        <test-method signature="Login()[pri:0, instance:Com.Ecommerce.TestCases.TC_LoginTestCases@b62d79]" started-at="2023-01-24T16:26:59 IST" name="Login" finished-at="2023-01-24T16:27:59 IST" duration-ms="60101" status="PASS">
          <reporter-output>
          </reporter-output>
        </test-method> <!-- Login -->
        <test-method is-config="true" signature="tearDown()[pri:0, instance:Com.Ecommerce.TestCases.TC_LoginTestCases@b62d79]" started-at="2023-01-24T16:28:00 IST" name="tearDown" finished-at="2023-01-24T16:28:12 IST" duration-ms="12226" status="PASS">
          <reporter-output>
          </reporter-output>
        </test-method> <!-- tearDown -->
      </class> <!-- Com.Ecommerce.TestCases.TC_LoginTestCases -->
    </test> <!-- Test -->
  </suite> <!-- Suite -->
</testng-results>
